<?xml version="1.0" encoding="UTF-8"?>
<!-- Generated by org.testng.reporters.JUnitReportReporter -->
<testsuite hostname="HAIER" failures="0" tests="7" name="AndroidAppB.AppiumFramework.LoginScreen" time="32.275" errors="0" timestamp="2022-03-17T22:38:38 PKT" skipped="0">
  <testcase classname="AndroidAppB.AppiumFramework.LoginScreen" name="verfication" time="8.016"/>
  <system-out/>
  <testcase classname="AndroidAppB.AppiumFramework.LoginScreen" name="phonenumber" time="1.989"/>
  <system-out/>
  <testcase classname="AndroidAppB.AppiumFramework.LoginScreen" name="passworderrormessage" time="0.995"/>
  <system-out/>
  <testcase classname="AndroidAppB.AppiumFramework.LoginScreen" name="passwordfieldminimumcharacter" time="2.007"/>
  <system-out/>
  <testcase classname="AndroidAppB.AppiumFramework.LoginScreen" name="invalidPasssword" time="8.187"/>
  <system-out/>
  <testcase classname="AndroidAppB.AppiumFramework.LoginScreen" name="notRegisteruser" time="4.794"/>
  <system-out/>
  <testcase classname="AndroidAppB.AppiumFramework.LoginScreen" name="loginwithvaliduser" time="6.287"/>
  <system-out/>
</testsuite> <!-- AndroidAppB.AppiumFramework.LoginScreen -->
