<?xml version="1.0" encoding="UTF-8"?>
<!-- Generated by org.testng.reporters.JUnitReportReporter -->
<testsuite hostname="HAIER" failures="0" tests="8" name="AndroidAppB.AppiumFramework.ProfileManagmentPersonal" time="66.332" errors="0" timestamp="2022-03-17T22:36:55 PKT" skipped="0">
  <testcase classname="AndroidAppB.AppiumFramework.ProfileManagmentPersonal" name="loginwithvaliduser" time="22.195"/>
  <system-out/>
  <testcase classname="AndroidAppB.AppiumFramework.ProfileManagmentPersonal" name="profileIcon" time="2.010"/>
  <system-out/>
  <testcase classname="AndroidAppB.AppiumFramework.ProfileManagmentPersonal" name="MyAccount" time="2.560"/>
  <system-out/>
  <testcase classname="AndroidAppB.AppiumFramework.ProfileManagmentPersonal" name="FirstLastname" time="9.102"/>
  <system-out/>
  <testcase classname="AndroidAppB.AppiumFramework.ProfileManagmentPersonal" name="verification" time="1.723"/>
  <system-out/>
  <testcase classname="AndroidAppB.AppiumFramework.ProfileManagmentPersonal" name="scroll" time="8.957"/>
  <system-out/>
  <testcase classname="AndroidAppB.AppiumFramework.ProfileManagmentPersonal" name="scrolltwo" time="10.078"/>
  <system-out/>
  <testcase classname="AndroidAppB.AppiumFramework.ProfileManagmentPersonal" name="scrollthree" time="9.707"/>
  <system-out/>
</testsuite> <!-- AndroidAppB.AppiumFramework.ProfileManagmentPersonal -->
